<?xml version="1.0" encoding="UTF-8"?>
<testng-results ignored="0" total="1" passed="1" failed="0" skipped="0">
  <reporter-output>
  </reporter-output>
  <suite started-at="2026-03-20T02:10:35 IST" name="Banking Suite" finished-at="2026-03-20T02:10:47 IST" duration-ms="12307">
    <groups>
    </groups>
    <test started-at="2026-03-20T02:10:35 IST" name="Banking Tests" finished-at="2026-03-20T02:10:47 IST" duration-ms="12307">
      <class name="tests.BankingTest">
        <test-method is-config="true" signature="setUp()[pri:0, instance:tests.BankingTest@5fe94a96]" started-at="2026-03-20T02:10:35 IST" name="setUp" finished-at="2026-03-20T02:10:38 IST" duration-ms="2671" status="PASS">
          <reporter-output>
          </reporter-output>
        </test-method> <!-- setUp -->
        <test-method signature="bankingFlowTest()[pri:0, instance:tests.BankingTest@5fe94a96]" started-at="2026-03-20T02:10:38 IST" name="bankingFlowTest" finished-at="2026-03-20T02:10:47 IST" duration-ms="9335" status="PASS">
          <reporter-output>
          </reporter-output>
        </test-method> <!-- bankingFlowTest -->
        <test-method is-config="true" signature="tearDown()[pri:0, instance:tests.BankingTest@5fe94a96]" started-at="2026-03-20T02:10:47 IST" name="tearDown" finished-at="2026-03-20T02:10:47 IST" duration-ms="242" status="PASS">
          <reporter-output>
          </reporter-output>
        </test-method> <!-- tearDown -->
      </class> <!-- tests.BankingTest -->
    </test> <!-- Banking Tests -->
  </suite> <!-- Banking Suite -->
</testng-results>
